
*** Running vivado
    with args -log top_stopwatch.vds -m64 -product Vivado -mode batch -messageDb vivado.pb -notrace -source top_stopwatch.tcl



****** Vivado v2024.2 (64-bit)
  **** SW Build 5239630 on Fri Nov 08 22:35:27 MST 2024
  **** IP Build 5239520 on Sun Nov 10 16:12:51 MST 2024
  **** SharedData Build 5239561 on Fri Nov 08 14:39:27 MST 2024
  **** Start of session at: Tue Apr 29 13:18:30 2025
    ** Copyright 1986-2022 Xilinx, Inc. All Rights Reserved.
    ** Copyright 2022-2024 Advanced Micro Devices, Inc. All Rights Reserved.

source top_stopwatch.tcl -notrace
Command: read_checkpoint -auto_incremental -incremental {C:/Users/tomih/Desktop/EE2390 Digital System Design Projects/Final_Project/Vivado Runs/Run_03/Run_03.srcs/utils_1/imports/synth_1/top_stopwatch.dcp}
INFO: [Vivado 12-5825] Read reference checkpoint from C:/Users/tomih/Desktop/EE2390 Digital System Design Projects/Final_Project/Vivado Runs/Run_03/Run_03.srcs/utils_1/imports/synth_1/top_stopwatch.dcp for incremental synthesis
INFO: [Vivado 12-7989] Please ensure there are no constraint changes
Command: synth_design -top top_stopwatch -part xc7a35tcpg236-1
Starting synth_design
Attempting to get a license for feature 'Synthesis' and/or device 'xc7a35t'
INFO: [Common 17-349] Got license for feature 'Synthesis' and/or device 'xc7a35t'
INFO: [Device 21-403] Loading part xc7a35tcpg236-1
INFO: [Designutils 20-5440] No compile time benefit to using incremental synthesis; A full resynthesis will be run
INFO: [Designutils 20-4379] Flow is switching to default flow due to incremental criteria not met. If you would like to alter this behaviour and have the flow terminate instead, please set the following parameter config_implementation {autoIncr.Synth.RejectBehavior Terminate}
INFO: [Synth 8-7079] Multithreading enabled for synth_design using a maximum of 2 processes.
INFO: [Synth 8-7078] Launching helper process for spawning children vivado processes
INFO: [Synth 8-7075] Helper process launched with PID 17392
---------------------------------------------------------------------------------
Starting RTL Elaboration : Time (s): cpu = 00:00:06 ; elapsed = 00:00:06 . Memory (MB): peak = 1027.812 ; gain = 467.473
---------------------------------------------------------------------------------
INFO: [Synth 8-6157] synthesizing module 'top_stopwatch' [C:/Users/tomih/Desktop/EE2390 Digital System Design Projects/Final_Project/Verilog Modules/top_stopwatch.v:1]
INFO: [Synth 8-6157] synthesizing module 'power_on_reset' [C:/Users/tomih/Desktop/EE2390 Digital System Design Projects/Final_Project/Verilog Modules/power_on_reset.v:2]
INFO: [Synth 8-6155] done synthesizing module 'power_on_reset' (0#1) [C:/Users/tomih/Desktop/EE2390 Digital System Design Projects/Final_Project/Verilog Modules/power_on_reset.v:2]
INFO: [Synth 8-6157] synthesizing module 'button_proc' [C:/Users/tomih/Desktop/EE2390 Digital System Design Projects/Final_Project/Verilog Modules/button_proc.v:1]
INFO: [Synth 8-6155] done synthesizing module 'button_proc' (0#1) [C:/Users/tomih/Desktop/EE2390 Digital System Design Projects/Final_Project/Verilog Modules/button_proc.v:1]
INFO: [Synth 8-6157] synthesizing module 'stopwatch' [C:/Users/tomih/Desktop/EE2390 Digital System Design Projects/Final_Project/Verilog Modules/stopwatch.v:1]
INFO: [Synth 8-6157] synthesizing module 'clk_divider_100ms' [C:/Users/tomih/Desktop/EE2390 Digital System Design Projects/Final_Project/Verilog Modules/clk_divider_100ms.v:1]
INFO: [Synth 8-6155] done synthesizing module 'clk_divider_100ms' (0#1) [C:/Users/tomih/Desktop/EE2390 Digital System Design Projects/Final_Project/Verilog Modules/clk_divider_100ms.v:1]
INFO: [Synth 8-6157] synthesizing module 'stopwatch_ctrl' [C:/Users/tomih/Desktop/EE2390 Digital System Design Projects/Final_Project/Verilog Modules/stopwatch_ctrl.v:1]
INFO: [Synth 8-6155] done synthesizing module 'stopwatch_ctrl' (0#1) [C:/Users/tomih/Desktop/EE2390 Digital System Design Projects/Final_Project/Verilog Modules/stopwatch_ctrl.v:1]
INFO: [Synth 8-6157] synthesizing module 'bcd_counter' [C:/Users/tomih/Desktop/EE2390 Digital System Design Projects/Final_Project/Verilog Modules/bcd_counter.v:1]
	Parameter MAX bound to: 9 - type: integer 
INFO: [Synth 8-6155] done synthesizing module 'bcd_counter' (0#1) [C:/Users/tomih/Desktop/EE2390 Digital System Design Projects/Final_Project/Verilog Modules/bcd_counter.v:1]
INFO: [Synth 8-6157] synthesizing module 'bcd_counter__parameterized0' [C:/Users/tomih/Desktop/EE2390 Digital System Design Projects/Final_Project/Verilog Modules/bcd_counter.v:1]
	Parameter MAX bound to: 5 - type: integer 
INFO: [Synth 8-6155] done synthesizing module 'bcd_counter__parameterized0' (0#1) [C:/Users/tomih/Desktop/EE2390 Digital System Design Projects/Final_Project/Verilog Modules/bcd_counter.v:1]
INFO: [Synth 8-6155] done synthesizing module 'stopwatch' (0#1) [C:/Users/tomih/Desktop/EE2390 Digital System Design Projects/Final_Project/Verilog Modules/stopwatch.v:1]
INFO: [Synth 8-6157] synthesizing module 'stopwatch_flash' [C:/Users/tomih/Desktop/EE2390 Digital System Design Projects/Final_Project/Verilog Modules/stopwatch_flash.v:1]
INFO: [Synth 8-6155] done synthesizing module 'stopwatch_flash' (0#1) [C:/Users/tomih/Desktop/EE2390 Digital System Design Projects/Final_Project/Verilog Modules/stopwatch_flash.v:1]
INFO: [Synth 8-6157] synthesizing module 'display_flash' [C:/Users/tomih/Desktop/EE2390 Digital System Design Projects/Final_Project/Verilog Modules/display_flash.v:1]
INFO: [Synth 8-6155] done synthesizing module 'display_flash' (0#1) [C:/Users/tomih/Desktop/EE2390 Digital System Design Projects/Final_Project/Verilog Modules/display_flash.v:1]
INFO: [Synth 8-6157] synthesizing module 'sevenseghexdecoder' [C:/Users/tomih/Desktop/EE2390 Digital System Design Projects/Final_Project/Verilog Modules/sevenseghexdecoder.v:1]
INFO: [Synth 8-6155] done synthesizing module 'sevenseghexdecoder' (0#1) [C:/Users/tomih/Desktop/EE2390 Digital System Design Projects/Final_Project/Verilog Modules/sevenseghexdecoder.v:1]
INFO: [Synth 8-6157] synthesizing module 'display_mux' [C:/Users/tomih/Desktop/EE2390 Digital System Design Projects/Final_Project/Verilog Modules/display_mux.v:1]
INFO: [Synth 8-226] default block is never used [C:/Users/tomih/Desktop/EE2390 Digital System Design Projects/Final_Project/Verilog Modules/display_mux.v:56]
INFO: [Synth 8-6155] done synthesizing module 'display_mux' (0#1) [C:/Users/tomih/Desktop/EE2390 Digital System Design Projects/Final_Project/Verilog Modules/display_mux.v:1]
INFO: [Synth 8-6155] done synthesizing module 'top_stopwatch' (0#1) [C:/Users/tomih/Desktop/EE2390 Digital System Design Projects/Final_Project/Verilog Modules/top_stopwatch.v:1]
WARNING: [Synth 8-3848] Net running in module/entity stopwatch does not have driver. [C:/Users/tomih/Desktop/EE2390 Digital System Design Projects/Final_Project/Verilog Modules/stopwatch.v:12]
WARNING: [Synth 8-7129] Port at_zero in module stopwatch_ctrl is either unconnected or has no load
WARNING: [Synth 8-7129] Port running in module stopwatch is either unconnected or has no load
WARNING: [Synth 8-7129] Port RESET_N in module top_stopwatch is either unconnected or has no load
---------------------------------------------------------------------------------
Finished RTL Elaboration : Time (s): cpu = 00:00:08 ; elapsed = 00:00:08 . Memory (MB): peak = 1134.867 ; gain = 574.527
---------------------------------------------------------------------------------
---------------------------------------------------------------------------------
Start Handling Custom Attributes
---------------------------------------------------------------------------------
---------------------------------------------------------------------------------
Finished Handling Custom Attributes : Time (s): cpu = 00:00:08 ; elapsed = 00:00:08 . Memory (MB): peak = 1134.867 ; gain = 574.527
---------------------------------------------------------------------------------
---------------------------------------------------------------------------------
Finished RTL Optimization Phase 1 : Time (s): cpu = 00:00:08 ; elapsed = 00:00:08 . Memory (MB): peak = 1134.867 ; gain = 574.527
---------------------------------------------------------------------------------
Netlist sorting complete. Time (s): cpu = 00:00:00 ; elapsed = 00:00:00.007 . Memory (MB): peak = 1134.867 ; gain = 0.000
INFO: [Project 1-570] Preparing netlist for logic optimization

Processing XDC Constraints
Initializing timing engine
Parsing XDC File [C:/Users/tomih/Desktop/EE2390 Digital System Design Projects/Final_Project/Constraints/Basys3_FinalProject.xdc]
Finished Parsing XDC File [C:/Users/tomih/Desktop/EE2390 Digital System Design Projects/Final_Project/Constraints/Basys3_FinalProject.xdc]
INFO: [Project 1-236] Implementation specific constraints were found while reading constraint file [C:/Users/tomih/Desktop/EE2390 Digital System Design Projects/Final_Project/Constraints/Basys3_FinalProject.xdc]. These constraints will be ignored for synthesis but will be used in implementation. Impacted constraints are listed in the file [.Xil/top_stopwatch_propImpl.xdc].
Resolution: To avoid this warning, move constraints listed in [.Xil/top_stopwatch_propImpl.xdc] to another XDC file and exclude this new file from synthesis with the used_in_synthesis property (File Properties dialog in GUI) and re-run elaboration/synthesis.
Completed Processing XDC Constraints

Netlist sorting complete. Time (s): cpu = 00:00:00 ; elapsed = 00:00:00 . Memory (MB): peak = 1220.047 ; gain = 0.000
INFO: [Project 1-111] Unisim Transformation Summary:
No Unisim elements were transformed.

Constraint Validation Runtime : Time (s): cpu = 00:00:00 ; elapsed = 00:00:00.005 . Memory (MB): peak = 1220.047 ; gain = 0.000
INFO: [Designutils 20-5440] No compile time benefit to using incremental synthesis; A full resynthesis will be run
INFO: [Designutils 20-4379] Flow is switching to default flow due to incremental criteria not met. If you would like to alter this behaviour and have the flow terminate instead, please set the following parameter config_implementation {autoIncr.Synth.RejectBehavior Terminate}
---------------------------------------------------------------------------------
Finished Constraint Validation : Time (s): cpu = 00:00:16 ; elapsed = 00:00:17 . Memory (MB): peak = 1220.047 ; gain = 659.707
---------------------------------------------------------------------------------
---------------------------------------------------------------------------------
Start Loading Part and Timing Information
---------------------------------------------------------------------------------
Loading part: xc7a35tcpg236-1
---------------------------------------------------------------------------------
Finished Loading Part and Timing Information : Time (s): cpu = 00:00:16 ; elapsed = 00:00:17 . Memory (MB): peak = 1220.047 ; gain = 659.707
---------------------------------------------------------------------------------
---------------------------------------------------------------------------------
Start Applying 'set_property' XDC Constraints
---------------------------------------------------------------------------------
---------------------------------------------------------------------------------
Finished applying 'set_property' XDC Constraints : Time (s): cpu = 00:00:16 ; elapsed = 00:00:17 . Memory (MB): peak = 1220.047 ; gain = 659.707
---------------------------------------------------------------------------------
---------------------------------------------------------------------------------
Finished RTL Optimization Phase 2 : Time (s): cpu = 00:00:16 ; elapsed = 00:00:17 . Memory (MB): peak = 1220.047 ; gain = 659.707
---------------------------------------------------------------------------------
---------------------------------------------------------------------------------
Start RTL Component Statistics 
---------------------------------------------------------------------------------
Detailed RTL Component Info : 
+---Adders : 
	   2 Input   25 Bit       Adders := 1     
	   2 Input   21 Bit       Adders := 4     
	   2 Input    4 Bit       Adders := 8     
	   2 Input    2 Bit       Adders := 1     
+---Registers : 
	               25 Bit    Registers := 1     
	               21 Bit    Registers := 4     
	                4 Bit    Registers := 4     
	                3 Bit    Registers := 4     
	                2 Bit    Registers := 1     
	                1 Bit    Registers := 18    
+---Muxes : 
	   2 Input   25 Bit        Muxes := 1     
	   2 Input   21 Bit        Muxes := 4     
	   2 Input    7 Bit        Muxes := 1     
	   4 Input    7 Bit        Muxes := 1     
	   2 Input    4 Bit        Muxes := 13    
	   4 Input    4 Bit        Muxes := 1     
	   2 Input    1 Bit        Muxes := 8     
	   3 Input    1 Bit        Muxes := 4     
	   4 Input    1 Bit        Muxes := 1     
---------------------------------------------------------------------------------
Finished RTL Component Statistics 
---------------------------------------------------------------------------------
---------------------------------------------------------------------------------
Start Part Resource Summary
---------------------------------------------------------------------------------
Part Resources:
DSPs: 90 (col length:60)
BRAMs: 100 (col length: RAMB18 60 RAMB36 30)
---------------------------------------------------------------------------------
Finished Part Resource Summary
---------------------------------------------------------------------------------
---------------------------------------------------------------------------------
Start Cross Boundary and Area Optimization
---------------------------------------------------------------------------------
WARNING: [Synth 8-7080] Parallel synthesis criteria is not met
WARNING: [Synth 8-7129] Port running in module stopwatch is either unconnected or has no load
WARNING: [Synth 8-7129] Port RESET_N in module top_stopwatch is either unconnected or has no load
---------------------------------------------------------------------------------
Finished Cross Boundary and Area Optimization : Time (s): cpu = 00:00:20 ; elapsed = 00:00:21 . Memory (MB): peak = 1220.047 ; gain = 659.707
---------------------------------------------------------------------------------
---------------------------------------------------------------------------------
Start Applying XDC Timing Constraints
---------------------------------------------------------------------------------
---------------------------------------------------------------------------------
Finished Applying XDC Timing Constraints : Time (s): cpu = 00:00:26 ; elapsed = 00:00:27 . Memory (MB): peak = 1323.828 ; gain = 763.488
---------------------------------------------------------------------------------
---------------------------------------------------------------------------------
Start Timing Optimization
---------------------------------------------------------------------------------
---------------------------------------------------------------------------------
Finished Timing Optimization : Time (s): cpu = 00:00:27 ; elapsed = 00:00:27 . Memory (MB): peak = 1365.129 ; gain = 804.789
---------------------------------------------------------------------------------
---------------------------------------------------------------------------------
Start Technology Mapping
---------------------------------------------------------------------------------
---------------------------------------------------------------------------------
Finished Technology Mapping : Time (s): cpu = 00:00:27 ; elapsed = 00:00:27 . Memory (MB): peak = 1365.129 ; gain = 804.789
---------------------------------------------------------------------------------
---------------------------------------------------------------------------------
Start IO Insertion
---------------------------------------------------------------------------------
---------------------------------------------------------------------------------
Start Flattening Before IO Insertion
---------------------------------------------------------------------------------
---------------------------------------------------------------------------------
Finished Flattening Before IO Insertion
---------------------------------------------------------------------------------
---------------------------------------------------------------------------------
Start Final Netlist Cleanup
---------------------------------------------------------------------------------
---------------------------------------------------------------------------------
Finished Final Netlist Cleanup
---------------------------------------------------------------------------------
---------------------------------------------------------------------------------
Finished IO Insertion : Time (s): cpu = 00:00:31 ; elapsed = 00:00:31 . Memory (MB): peak = 1557.473 ; gain = 997.133
---------------------------------------------------------------------------------
---------------------------------------------------------------------------------
Start Renaming Generated Instances
---------------------------------------------------------------------------------
---------------------------------------------------------------------------------
Finished Renaming Generated Instances : Time (s): cpu = 00:00:31 ; elapsed = 00:00:31 . Memory (MB): peak = 1557.473 ; gain = 997.133
---------------------------------------------------------------------------------
---------------------------------------------------------------------------------
Start Rebuilding User Hierarchy
---------------------------------------------------------------------------------
---------------------------------------------------------------------------------
Finished Rebuilding User Hierarchy : Time (s): cpu = 00:00:31 ; elapsed = 00:00:31 . Memory (MB): peak = 1557.473 ; gain = 997.133
---------------------------------------------------------------------------------
---------------------------------------------------------------------------------
Start Renaming Generated Ports
---------------------------------------------------------------------------------
---------------------------------------------------------------------------------
Finished Renaming Generated Ports : Time (s): cpu = 00:00:31 ; elapsed = 00:00:31 . Memory (MB): peak = 1557.473 ; gain = 997.133
---------------------------------------------------------------------------------
---------------------------------------------------------------------------------
Start Handling Custom Attributes
---------------------------------------------------------------------------------
---------------------------------------------------------------------------------
Finished Handling Custom Attributes : Time (s): cpu = 00:00:31 ; elapsed = 00:00:31 . Memory (MB): peak = 1557.473 ; gain = 997.133
---------------------------------------------------------------------------------
---------------------------------------------------------------------------------
Start Renaming Generated Nets
---------------------------------------------------------------------------------
---------------------------------------------------------------------------------
Finished Renaming Generated Nets : Time (s): cpu = 00:00:31 ; elapsed = 00:00:31 . Memory (MB): peak = 1557.473 ; gain = 997.133
---------------------------------------------------------------------------------
---------------------------------------------------------------------------------
Start Writing Synthesis Report
---------------------------------------------------------------------------------

Report BlackBoxes: 
+-+--------------+----------+
| |BlackBox name |Instances |
+-+--------------+----------+
+-+--------------+----------+

Report Cell Usage: 
+------+-------+------+
|      |Cell   |Count |
+------+-------+------+
|1     |BUFG   |     1|
|2     |CARRY4 |    42|
|3     |LUT1   |     7|
|4     |LUT2   |   114|
|5     |LUT3   |    16|
|6     |LUT4   |    56|
|7     |LUT5   |    24|
|8     |LUT6   |    49|
|9     |FDCE   |   150|
|10    |FDPE   |     2|
|11    |FDRE   |    65|
|12    |IBUF   |     5|
|13    |OBUF   |    12|
+------+-------+------+
---------------------------------------------------------------------------------
Finished Writing Synthesis Report : Time (s): cpu = 00:00:31 ; elapsed = 00:00:31 . Memory (MB): peak = 1557.473 ; gain = 997.133
---------------------------------------------------------------------------------
Synthesis finished with 0 errors, 0 critical warnings and 3 warnings.
Synthesis Optimization Runtime : Time (s): cpu = 00:00:21 ; elapsed = 00:00:29 . Memory (MB): peak = 1557.473 ; gain = 911.953
Synthesis Optimization Complete : Time (s): cpu = 00:00:31 ; elapsed = 00:00:32 . Memory (MB): peak = 1557.473 ; gain = 997.133
INFO: [Project 1-571] Translating synthesized netlist
Netlist sorting complete. Time (s): cpu = 00:00:00 ; elapsed = 00:00:00.005 . Memory (MB): peak = 1566.605 ; gain = 0.000
INFO: [Netlist 29-17] Analyzing 42 Unisim elements for replacement
INFO: [Netlist 29-28] Unisim Transformation completed in 0 CPU seconds
INFO: [Project 1-570] Preparing netlist for logic optimization
INFO: [Opt 31-138] Pushed 0 inverter(s) to 0 load pin(s).
Netlist sorting complete. Time (s): cpu = 00:00:00 ; elapsed = 00:00:00 . Memory (MB): peak = 1570.285 ; gain = 0.000
INFO: [Project 1-111] Unisim Transformation Summary:
No Unisim elements were transformed.

Synth Design complete | Checksum: a612facf
INFO: [Common 17-83] Releasing license: Synthesis
46 Infos, 7 Warnings, 0 Critical Warnings and 0 Errors encountered.
synth_design completed successfully
synth_design: Time (s): cpu = 00:00:34 ; elapsed = 00:00:37 . Memory (MB): peak = 1570.285 ; gain = 1200.883
Write ShapeDB Complete: Time (s): cpu = 00:00:00 ; elapsed = 00:00:00.001 . Memory (MB): peak = 1570.285 ; gain = 0.000
INFO: [Common 17-1381] The checkpoint 'C:/Users/tomih/Desktop/EE2390 Digital System Design Projects/Final_Project/Vivado Runs/Run_03/Run_03.runs/synth_1/top_stopwatch.dcp' has been generated.
INFO: [Vivado 12-24828] Executing command : report_utilization -file top_stopwatch_utilization_synth.rpt -pb top_stopwatch_utilization_synth.pb
INFO: [Common 17-206] Exiting Vivado at Tue Apr 29 13:19:11 2025...
